amap/amap_map_fluttify/android/build/intermediates/manifest_merge_blame_file/release/manifest-merger-blame-release-report.txt
1<?xml version="1.0" encoding="utf-8"?>
2<manifest xmlns:android="http://schemas.android.com/apk/res/android"
3    package="me.yohom.amap_map_fluttify" >
4
5    <uses-sdk
6        android:minSdkVersion="16"
6-->src/main/AndroidManifest.xml
7        android:targetSdkVersion="16" />
7-->src/main/AndroidManifest.xml
8
9    <!-- 允许程序打开网络套接字 -->
10    <uses-permission android:name="android.permission.INTERNET" />
10-->src/main/AndroidManifest.xml:5:5-66
10-->src/main/AndroidManifest.xml:5:22-64
11    <!-- 允许程序设置内置sd卡的写权限 -->
12    <uses-permission android:name="android.permission.WRITE_EXTERNAL_STORAGE" />
12-->src/main/AndroidManifest.xml:7:5-80
12-->src/main/AndroidManifest.xml:7:22-78
13    <!-- 允许程序获取网络状态 -->
14    <uses-permission android:name="android.permission.ACCESS_NETWORK_STATE" />
14-->src/main/AndroidManifest.xml:9:5-78
14-->src/main/AndroidManifest.xml:9:22-76
15    <!-- 允许程序访问WiFi网络信息 -->
16    <uses-permission android:name="android.permission.ACCESS_WIFI_STATE" />
16-->src/main/AndroidManifest.xml:11:5-75
16-->src/main/AndroidManifest.xml:11:22-73
17    <!-- 允许程序读写手机状态和身份 -->
18    <uses-permission android:name="android.permission.READ_PHONE_STATE" />
18-->src/main/AndroidManifest.xml:13:5-74
18-->src/main/AndroidManifest.xml:13:22-72
19    <!-- 允许程序访问CellID或WiFi热点来获取粗略的位置 -->
20    <uses-permission android:name="android.permission.ACCESS_COARSE_LOCATION" />
20-->src/main/AndroidManifest.xml:15:5-80
20-->src/main/AndroidManifest.xml:15:22-78
21    <!-- 如果不加回报 error, Neither user 10426 nor current process has android.permission.WAKE_LOCK., null -->
22    <uses-permission android:name="android.permission.WAKE_LOCK" />
22-->src/main/AndroidManifest.xml:17:5-67
22-->src/main/AndroidManifest.xml:17:22-65
23
24    <application>
24-->src/main/AndroidManifest.xml:19:5-21:19
25        <activity android:name="com.amap.api.maps.offlinemap.OfflineMapActivity" />
25-->src/main/AndroidManifest.xml:20:9-84
25-->src/main/AndroidManifest.xml:20:19-81
26    </application>
27
28</manifest>